[32minfo[39m: [32mListening on: 3020[39m
[32minfo[39m: [32mIn heartbeat[39m
[32minfo[39m: [32mListening on: 3020[39m
[32minfo[39m: [32mIn heartbeat[39m
[32minfo[39m: [32mListening on: 3020[39m
[32minfo[39m: [32mIn heartbeat[39m
[32minfo[39m: [32mListening on: 3020[39m
[32minfo[39m: [32mIn file upload[39m
[32minfo[39m: [32mListening on: 3020[39m
[32minfo[39m: [32mIn file upload[39m
[32minfo[39m: [32mListening on: 3020[39m
[32minfo[39m: [32mIn file upload[39m
[32minfo[39m: [32mListening on: 3020[39m
[32minfo[39m: [32mIn file upload[39m
[32minfo[39m: [32mListening on: 3020[39m
[32minfo[39m: [32mIn file upload[39m
[32minfo[39m: [32mListening on: 3020[39m
[32minfo[39m: [32mListening on: 3020[39m
[32minfo[39m: [32mIn file upload[39m
[32minfo[39m: [32mListening on: 3020[39m
[32minfo[39m: [32mIn file upload[39m
[32minfo[39m: [32mListening on: 3020[39m
[32minfo[39m: [32mIn file upload[39m
[32minfo[39m: [32mListening on: 3020[39m
[32minfo[39m: [32mIn file upload[39m
[32minfo[39m: [32mListening on: 3020[39m
[32minfo[39m: [32mIn file upload[39m
[32minfo[39m: [32mListening on: 3020[39m
[32minfo[39m: [32mIn file upload[39m
[32minfo[39m: [32mListening on: 3020[39m
[32minfo[39m: [32mIn file upload[39m
[32minfo[39m: [32mListening on: 3020[39m
[32minfo[39m: [32mIn file upload[39m
[32minfo[39m: [32mListening on: 3020[39m
[32minfo[39m: [32mIn file upload[39m
[32minfo[39m: [32mIn file upload[39m
[32minfo[39m: [32mIn file upload[39m
[32minfo[39m: [32mIn file upload[39m
[32minfo[39m: [32mListening on: 3020[39m
[32minfo[39m: [32mListening on: 3020[39m
[32minfo[39m: [32mIn file upload[39m
[32minfo[39m: [32mListening on: 3020[39m
[32minfo[39m: [32mIn file upload[39m
[32minfo[39m: [32mListening on: 3020[39m
[32minfo[39m: [32mIn file upload[39m
[32minfo[39m: [32mListening on: 3020[39m
[32minfo[39m: [32mIn file upload[39m
[32minfo[39m: [32mListening on: 3020[39m
[32minfo[39m: [32mIn file upload[39m
[32minfo[39m: [32mListening on: 3020[39m
[32minfo[39m: [32mListening on: 3020[39m
[32minfo[39m: [32mIn file upload[39m
[32minfo[39m: [32mListening on: 3020[39m
[32minfo[39m: [32mIn file upload[39m
[32minfo[39m: [32mListening on: 3020[39m
[32minfo[39m: [32mIn file upload[39m
[32minfo[39m: [32mListening on: 3020[39m
[32minfo[39m: [32mIn file upload[39m
[32minfo[39m: [32mListening on: 3020[39m
[32minfo[39m: [32mIn file upload[39m
[32minfo[39m: [32mListening on: 3020[39m
[32minfo[39m: [32mIn file upload[39m
[32minfo[39m: [32mListening on: 3020[39m
[32minfo[39m: [32mIn file upload[39m
[32minfo[39m: [32mListening on: 3020[39m
[32minfo[39m: [32mIn file upload[39m
[32minfo[39m: [32mListening on: 3020[39m
[32minfo[39m: [32mIn file upload[39m
[32minfo[39m: [32mIn file upload[39m
[32minfo[39m: [32mListening on: 3020[39m
[32minfo[39m: [32mIn file upload[39m
[32minfo[39m: [32mListening on: 3020[39m
[32minfo[39m: [32mIn file upload[39m
[32minfo[39m: [32mListening on: 3020[39m
[32minfo[39m: [32mIn file upload[39m
[32minfo[39m: [32mListening on: 3020[39m
[32minfo[39m: [32mIn file upload[39m
[32minfo[39m: [32mListening on: 3020[39m
[32minfo[39m: [32mIn file upload[39m
[32minfo[39m: [32mListening on: 3020[39m
[32minfo[39m: [32mIn file upload[39m
[32minfo[39m: [32mListening on: 3020[39m
[32minfo[39m: [32mIn file upload[39m
[32minfo[39m: [32mListening on: 3020[39m
[32minfo[39m: [32mListening on: 3020[39m
[32minfo[39m: [32mIn file upload[39m
[32minfo[39m: [32mFile [file]: filename: 46a3e9cae86814a86c235b67b2b8e622.png, encoding: 7bit, mimetype: image/png[39m
[32minfo[39m: [32mFile [file] got 32489 bytes[39m
[32minfo[39m: [32mFile [file] Finished[39m
[32minfo[39m: [32mDone parsing form![39m
[32minfo[39m: [32mListening on: 3020[39m
[32minfo[39m: [32mIn file upload[39m
[32minfo[39m: [32mFile [file]: filename: 46a3e9cae86814a86c235b67b2b8e622.png, encoding: 7bit, mimetype: image/png[39m
[32minfo[39m: [32mFile [file] got 32489 bytes[39m
[32minfo[39m: [32mFile [file] Finished[39m
[32minfo[39m: [32mDone parsing form![39m
[32minfo[39m: [32mListening on: 3020[39m
[32minfo[39m: [32mIn file upload[39m
[32minfo[39m: [32mListening on: 3020[39m
[32minfo[39m: [32mIn file upload[39m
[32minfo[39m: [32mListening on: 3020[39m
[32minfo[39m: [32mListening on: 3020[39m
[32minfo[39m: [32mIn file upload[39m
[32minfo[39m: [32mListening on: 3020[39m
[32minfo[39m: [32mIn file upload[39m
[32minfo[39m: [32mListening on: 3020[39m
[32minfo[39m: [32mIn file upload[39m
[32minfo[39m: [32mListening on: 3020[39m
[32minfo[39m: [32mIn file upload[39m
[32minfo[39m: [32mListening on: 3020[39m
[32minfo[39m: [32mIn file upload[39m
[32minfo[39m: [32mListening on: 3020[39m
[32minfo[39m: [32mIn file upload[39m
[32minfo[39m: [32mListening on: 3020[39m
[32minfo[39m: [32mIn file upload[39m
[32minfo[39m: [32mListening on: 3020[39m
[32minfo[39m: [32mIn file upload[39m
[32minfo[39m: [32mFile [file]: filename: 46a3e9cae86814a86c235b67b2b8e622.png, encoding: 7bit, mimetype: image/png[39m
[32minfo[39m: [32mFile [file] got 32489 bytes[39m
[32minfo[39m: [32m<Buffer 89 50 4e 47 0d 0a 1a 0a 00 00 00 0d 49 48 44 52 00 00 00 ce 00 00 00 ce 08 02 00 00 00 f9 7d aa 93 00 00 20 00 49 44 41 54 78 9c ec bd 69 90 1c d7 75 ... 32439 more bytes>[39m
[32minfo[39m: [32mFile [file] Finished[39m
[32minfo[39m: [32mDone parsing form![39m
[32minfo[39m: [32mFile written[39m
[32minfo[39m: [32mListening on: 3020[39m
[32minfo[39m: [32mIn file upload[39m
[32minfo[39m: [32mFile [file]: filename: 46a3e9cae86814a86c235b67b2b8e622.png, encoding: 7bit, mimetype: image/png[39m
[32minfo[39m: [32mFile [file] got 32489 bytes[39m
[32minfo[39m: [32m<Buffer 89 50 4e 47 0d 0a 1a 0a 00 00 00 0d 49 48 44 52 00 00 00 ce 00 00 00 ce 08 02 00 00 00 f9 7d aa 93 00 00 20 00 49 44 41 54 78 9c ec bd 69 90 1c d7 75 ... 32439 more bytes>[39m
[32minfo[39m: [32mFile [file] Finished[39m
[32minfo[39m: [32mDone parsing form![39m
[32minfo[39m: [32mFile written[39m
[32minfo[39m: [32mListening on: 3020[39m
[32minfo[39m: [32mIn file upload[39m
[32minfo[39m: [32mFile [file]: filename: 46a3e9cae86814a86c235b67b2b8e622.png, encoding: 7bit, mimetype: image/png[39m
[32minfo[39m: [32mFile [file] got 32489 bytes[39m
[32minfo[39m: [32m<Buffer 89 50 4e 47 0d 0a 1a 0a 00 00 00 0d 49 48 44 52 00 00 00 ce 00 00 00 ce 08 02 00 00 00 f9 7d aa 93 00 00 20 00 49 44 41 54 78 9c ec bd 69 90 1c d7 75 ... 32439 more bytes>[39m
[32minfo[39m: [32mFile [file] Finished[39m
[32minfo[39m: [32mDone parsing form![39m
[32minfo[39m: [32mFile written[39m
[32minfo[39m: [32mListening on: 3020[39m
[32minfo[39m: [32mIn file upload[39m
[32minfo[39m: [32mFile [file]: filename: 46a3e9cae86814a86c235b67b2b8e622.png, encoding: 7bit, mimetype: image/png[39m
[32minfo[39m: [32mFile [file] got 32489 bytes[39m
[32minfo[39m: [32m<Buffer 89 50 4e 47 0d 0a 1a 0a 00 00 00 0d 49 48 44 52 00 00 00 ce 00 00 00 ce 08 02 00 00 00 f9 7d aa 93 00 00 20 00 49 44 41 54 78 9c ec bd 69 90 1c d7 75 ... 32439 more bytes>[39m
[32minfo[39m: [32mFile [file] Finished[39m
[32minfo[39m: [32mDone parsing form![39m
[32minfo[39m: [32mFile written[39m
[32minfo[39m: [32mIn file upload[39m
[32minfo[39m: [32mFile [file]: filename: Joshua Collins Resume.docx, encoding: 7bit, mimetype: application/vnd.openxmlformats-officedocument.wordprocessingml.document[39m
[32minfo[39m: [32mFile [file] got 24079 bytes[39m
[32minfo[39m: [32m<Buffer 50 4b 03 04 14 00 06 00 08 00 00 00 21 00 a7 1e d2 d1 97 01 00 00 ad 08 00 00 13 00 08 02 5b 43 6f 6e 74 65 6e 74 5f 54 79 70 65 73 5d 2e 78 6d 6c 20 ... 24029 more bytes>[39m
[32minfo[39m: [32mFile [file] Finished[39m
[32minfo[39m: [32mDone parsing form![39m
[32minfo[39m: [32mFile written[39m
[32minfo[39m: [32mListening on: 3020[39m
[32minfo[39m: [32mListening on: 3020[39m
[32minfo[39m: [32mIn file upload[39m
[32minfo[39m: [32mFile [file]: filename: Joshua Collins Resume.docx, encoding: 7bit, mimetype: application/vnd.openxmlformats-officedocument.wordprocessingml.document[39m
[32minfo[39m: [32mFile [file] got 24079 bytes[39m
[32minfo[39m: [32m<Buffer 50 4b 03 04 14 00 06 00 08 00 00 00 21 00 a7 1e d2 d1 97 01 00 00 ad 08 00 00 13 00 08 02 5b 43 6f 6e 74 65 6e 74 5f 54 79 70 65 73 5d 2e 78 6d 6c 20 ... 24029 more bytes>[39m
[32minfo[39m: [32mFile [file] Finished[39m
[32minfo[39m: [32mDone parsing form![39m
[32minfo[39m: [32mFile written[39m
[32minfo[39m: [32mListening on: 3020[39m
[32minfo[39m: [32mIn file upload[39m
[32minfo[39m: [32mFile [file]: filename: Joshua Collins Resume.docx, encoding: 7bit, mimetype: application/vnd.openxmlformats-officedocument.wordprocessingml.document[39m
[32minfo[39m: [32mFile [file] got 24079 bytes[39m
[32minfo[39m: [32m<Buffer 50 4b 03 04 14 00 06 00 08 00 00 00 21 00 a7 1e d2 d1 97 01 00 00 ad 08 00 00 13 00 08 02 5b 43 6f 6e 74 65 6e 74 5f 54 79 70 65 73 5d 2e 78 6d 6c 20 ... 24029 more bytes>[39m
[32minfo[39m: [32mFile [file] Finished[39m
[32minfo[39m: [32mDone parsing form![39m
[32minfo[39m: [32mFile written[39m
[32minfo[39m: [32mListening on: 3020[39m
[32minfo[39m: [32mIn file upload[39m
[32minfo[39m: [32mFile [file]: filename: Joshua Collins Resume.docx, encoding: 7bit, mimetype: application/vnd.openxmlformats-officedocument.wordprocessingml.document[39m
[32minfo[39m: [32mFile [file] got 24079 bytes[39m
[32minfo[39m: [32m<Buffer 50 4b 03 04 14 00 06 00 08 00 00 00 21 00 a7 1e d2 d1 97 01 00 00 ad 08 00 00 13 00 08 02 5b 43 6f 6e 74 65 6e 74 5f 54 79 70 65 73 5d 2e 78 6d 6c 20 ... 24029 more bytes>[39m
[32minfo[39m: [32mFile [file] Finished[39m
[32minfo[39m: [32mDone parsing form![39m
[32minfo[39m: [32mFile written[39m
[32minfo[39m: [32mListening on: 3020[39m
[32minfo[39m: [32mIn file upload[39m
[32minfo[39m: [32mFile [file]: filename: Joshua Collins Resume.docx, encoding: 7bit, mimetype: application/vnd.openxmlformats-officedocument.wordprocessingml.document[39m
[32minfo[39m: [32mFile [file] got 24079 bytes[39m
[32minfo[39m: [32m<Buffer 50 4b 03 04 14 00 06 00 08 00 00 00 21 00 a7 1e d2 d1 97 01 00 00 ad 08 00 00 13 00 08 02 5b 43 6f 6e 74 65 6e 74 5f 54 79 70 65 73 5d 2e 78 6d 6c 20 ... 24029 more bytes>[39m
[32minfo[39m: [32mFile [file] Finished[39m
[32minfo[39m: [32mDone parsing form![39m
[32minfo[39m: [32mListening on: 3020[39m
[32minfo[39m: [32mIn file upload[39m
[32minfo[39m: [32mFile [file]: filename: Joshua Collins Resume.docx, encoding: 7bit, mimetype: application/vnd.openxmlformats-officedocument.wordprocessingml.document[39m
[32minfo[39m: [32mFile [file] got 24079 bytes[39m
[32minfo[39m: [32m<Buffer 50 4b 03 04 14 00 06 00 08 00 00 00 21 00 a7 1e d2 d1 97 01 00 00 ad 08 00 00 13 00 08 02 5b 43 6f 6e 74 65 6e 74 5f 54 79 70 65 73 5d 2e 78 6d 6c 20 ... 24029 more bytes>[39m
[32minfo[39m: [32mFile [file] Finished[39m
[32minfo[39m: [32mDone parsing form![39m
[32minfo[39m: [32mListening on: 3020[39m
[32minfo[39m: [32mIn file upload[39m
[32minfo[39m: [32mFile [file]: filename: Joshua Collins Resume.docx, encoding: 7bit, mimetype: application/vnd.openxmlformats-officedocument.wordprocessingml.document[39m
[32minfo[39m: [32mFile [file] got 24079 bytes[39m
[32minfo[39m: [32m<Buffer 50 4b 03 04 14 00 06 00 08 00 00 00 21 00 a7 1e d2 d1 97 01 00 00 ad 08 00 00 13 00 08 02 5b 43 6f 6e 74 65 6e 74 5f 54 79 70 65 73 5d 2e 78 6d 6c 20 ... 24029 more bytes>[39m
[32minfo[39m: [32mFile [file] Finished[39m
[32minfo[39m: [32mDone parsing form![39m
[32minfo[39m: [32mListening on: 3020[39m
[32minfo[39m: [32mIn file upload[39m
[32minfo[39m: [32mFile [file]: filename: Joshua Collins Resume.docx, encoding: 7bit, mimetype: application/vnd.openxmlformats-officedocument.wordprocessingml.document[39m
[32minfo[39m: [32mFile [file] got 24079 bytes[39m
[32minfo[39m: [32m<Buffer 50 4b 03 04 14 00 06 00 08 00 00 00 21 00 a7 1e d2 d1 97 01 00 00 ad 08 00 00 13 00 08 02 5b 43 6f 6e 74 65 6e 74 5f 54 79 70 65 73 5d 2e 78 6d 6c 20 ... 24029 more bytes>[39m
[32minfo[39m: [32mFile [file] Finished[39m
[32minfo[39m: [32mDone parsing form![39m
[32minfo[39m: [32mFile written[39m
[32minfo[39m: [32mListening on: 3020[39m
[32minfo[39m: [32mIn file upload[39m
[32minfo[39m: [32mFile [file]: filename: Joshua Collins Resume.docx, encoding: 7bit, mimetype: application/vnd.openxmlformats-officedocument.wordprocessingml.document[39m
[32minfo[39m: [32mFile [file] got 24079 bytes[39m
[32minfo[39m: [32m<Buffer 50 4b 03 04 14 00 06 00 08 00 00 00 21 00 a7 1e d2 d1 97 01 00 00 ad 08 00 00 13 00 08 02 5b 43 6f 6e 74 65 6e 74 5f 54 79 70 65 73 5d 2e 78 6d 6c 20 ... 24029 more bytes>[39m
[32minfo[39m: [32mFile [file] Finished[39m
[32minfo[39m: [32mDone parsing form![39m
[32minfo[39m: [32mFile written[39m
[32minfo[39m: [32mListening on: 3020[39m
[32minfo[39m: [32mIn file upload[39m
[32minfo[39m: [32mFile [file]: filename: Joshua Collins Resume.docx, encoding: 7bit, mimetype: application/vnd.openxmlformats-officedocument.wordprocessingml.document[39m
[32minfo[39m: [32mFile [file] got 24079 bytes[39m
[32minfo[39m: [32m<Buffer 50 4b 03 04 14 00 06 00 08 00 00 00 21 00 a7 1e d2 d1 97 01 00 00 ad 08 00 00 13 00 08 02 5b 43 6f 6e 74 65 6e 74 5f 54 79 70 65 73 5d 2e 78 6d 6c 20 ... 24029 more bytes>[39m
[32minfo[39m: [32mFile [file] Finished[39m
[32minfo[39m: [32mDone parsing form![39m
[32minfo[39m: [32mFile written[39m
[32minfo[39m: [32mListening on: 3020[39m
[32minfo[39m: [32mIn file upload[39m
[32minfo[39m: [32mFile [file]: filename: Joshua Collins Resume.docx, encoding: 7bit, mimetype: application/vnd.openxmlformats-officedocument.wordprocessingml.document[39m
[32minfo[39m: [32mFile [file] got 24079 bytes[39m
[32minfo[39m: [32m<Buffer 50 4b 03 04 14 00 06 00 08 00 00 00 21 00 a7 1e d2 d1 97 01 00 00 ad 08 00 00 13 00 08 02 5b 43 6f 6e 74 65 6e 74 5f 54 79 70 65 73 5d 2e 78 6d 6c 20 ... 24029 more bytes>[39m
[32minfo[39m: [32mFile [file] Finished[39m
[32minfo[39m: [32mDone parsing form![39m
[32minfo[39m: [32mFile written[39m
[32minfo[39m: [32mListening on: 3020[39m
[32minfo[39m: [32mIn file upload[39m
[32minfo[39m: [32mFile [file]: filename: Joshua Collins Resume.docx, encoding: 7bit, mimetype: application/vnd.openxmlformats-officedocument.wordprocessingml.document[39m
[32minfo[39m: [32mFile [file] got 24079 bytes[39m
[32minfo[39m: [32m<Buffer 50 4b 03 04 14 00 06 00 08 00 00 00 21 00 a7 1e d2 d1 97 01 00 00 ad 08 00 00 13 00 08 02 5b 43 6f 6e 74 65 6e 74 5f 54 79 70 65 73 5d 2e 78 6d 6c 20 ... 24029 more bytes>[39m
[32minfo[39m: [32mFile [file] Finished[39m
[32minfo[39m: [32mDone parsing form![39m
[32minfo[39m: [32mFile written[39m
[32minfo[39m: [32mListening on: 3020[39m
[32minfo[39m: [32mIn file upload[39m
[32minfo[39m: [32mFile [file]: filename: Joshua Collins Resume.docx, encoding: 7bit, mimetype: application/vnd.openxmlformats-officedocument.wordprocessingml.document[39m
[32minfo[39m: [32mFile [file] got 24079 bytes[39m
[32minfo[39m: [32m<Buffer 50 4b 03 04 14 00 06 00 08 00 00 00 21 00 a7 1e d2 d1 97 01 00 00 ad 08 00 00 13 00 08 02 5b 43 6f 6e 74 65 6e 74 5f 54 79 70 65 73 5d 2e 78 6d 6c 20 ... 24029 more bytes>[39m
[32minfo[39m: [32mFile [file] Finished[39m
[32minfo[39m: [32mDone parsing form![39m
[32minfo[39m: [32mFile written[39m
[32minfo[39m: [32mListening on: 3020[39m
[32minfo[39m: [32mIn file upload[39m
[32minfo[39m: [32mFile [file]: filename: rick quote school.jpeg, encoding: 7bit, mimetype: image/jpeg[39m
[32minfo[39m: [32mFile [file] got 58272 bytes[39m
[32minfo[39m: [32m<Buffer ff d8 ff e0 00 10 4a 46 49 46 00 01 01 01 00 48 00 48 00 00 ff db 00 43 00 06 04 05 06 05 04 06 06 05 06 07 07 06 08 0a 10 0a 0a 09 09 0a 14 0e 0f 0c ... 58222 more bytes>[39m
[32minfo[39m: [32mFile [file] got 25584 bytes[39m
[32minfo[39m: [32m<Buffer 6d 2f 5a c3 fa 0e df 07 c4 70 35 ab 80 ff 00 34 c7 66 b6 5f 6a da 9e bf ff 00 ff 00 ff 00 ff 00 fe 7f ff 00 ff 00 ff 00 ff 00 ff 00 ff 00 f8 fd ff 00 ... 25534 more bytes>[39m
[32minfo[39m: [32mFile [file] Finished[39m
[32minfo[39m: [32mDone parsing form![39m
[32minfo[39m: [32mFile written[39m
[32minfo[39m: [32mFile written[39m
[32minfo[39m: [32mListening on: 3020[39m
[32minfo[39m: [32mIn file upload[39m
[32minfo[39m: [32mFile [file]: filename: rick quote school.jpeg, encoding: 7bit, mimetype: image/jpeg[39m
[32minfo[39m: [32mFile [file] got 65046 bytes[39m
[32minfo[39m: [32m<Buffer ff d8 ff e0 00 10 4a 46 49 46 00 01 01 01 00 48 00 48 00 00 ff db 00 43 00 06 04 05 06 05 04 06 06 05 06 07 07 06 08 0a 10 0a 0a 09 09 0a 14 0e 0f 0c ... 64996 more bytes>[39m
[32minfo[39m: [32mmimetype: ${mimetype}[39m
[32minfo[39m: [32mFile [file] got 18810 bytes[39m
[32minfo[39m: [32m<Buffer 7c e3 20 86 1c 07 53 40 f6 c4 18 69 8e 4c 95 4a 3e c8 7d 1b 10 ca 12 79 c1 4b fb d5 80 89 d3 e3 d8 c2 0e 90 a0 d5 0a 68 70 44 f1 2c 6a 03 d8 e3 d1 94 ... 18760 more bytes>[39m
[32minfo[39m: [32mmimetype: ${mimetype}[39m
[32minfo[39m: [32mFile [file] Finished[39m
[32minfo[39m: [32mDone parsing form![39m
[32minfo[39m: [32mFile written[39m
[32minfo[39m: [32mFile written[39m
[32minfo[39m: [32mListening on: 3020[39m
[32minfo[39m: [32mIn file upload[39m
[32minfo[39m: [32mFile [file]: filename: rick quote school.jpeg, encoding: 7bit, mimetype: image/jpeg[39m
[32minfo[39m: [32mFile [file] got 65046 bytes[39m
[32minfo[39m: [32m<Buffer ff d8 ff e0 00 10 4a 46 49 46 00 01 01 01 00 48 00 48 00 00 ff db 00 43 00 06 04 05 06 05 04 06 06 05 06 07 07 06 08 0a 10 0a 0a 09 09 0a 14 0e 0f 0c ... 64996 more bytes>[39m
[32minfo[39m: [32mmimetype: ${mimetype[39m
[32minfo[39m: [32mFile [file] got 18810 bytes[39m
[32minfo[39m: [32m<Buffer 7c e3 20 86 1c 07 53 40 f6 c4 18 69 8e 4c 95 4a 3e c8 7d 1b 10 ca 12 79 c1 4b fb d5 80 89 d3 e3 d8 c2 0e 90 a0 d5 0a 68 70 44 f1 2c 6a 03 d8 e3 d1 94 ... 18760 more bytes>[39m
[32minfo[39m: [32mmimetype: ${mimetype[39m
[32minfo[39m: [32mFile [file] Finished[39m
[32minfo[39m: [32mDone parsing form![39m
[32minfo[39m: [32mFile written[39m
[32minfo[39m: [32mFile written[39m
[32minfo[39m: [32mListening on: 3020[39m
[32minfo[39m: [32mIn file upload[39m
[32minfo[39m: [32mFile [file]: filename: rick quote school.jpeg, encoding: 7bit, mimetype: image/jpeg[39m
[32minfo[39m: [32mFile [file] got 65046 bytes[39m
[32minfo[39m: [32m<Buffer ff d8 ff e0 00 10 4a 46 49 46 00 01 01 01 00 48 00 48 00 00 ff db 00 43 00 06 04 05 06 05 04 06 06 05 06 07 07 06 08 0a 10 0a 0a 09 09 0a 14 0e 0f 0c ... 64996 more bytes>[39m
[32minfo[39m: [32mmimetype: image/jpeg[39m
[32minfo[39m: [32mFile [file] got 18810 bytes[39m
[32minfo[39m: [32m<Buffer 7c e3 20 86 1c 07 53 40 f6 c4 18 69 8e 4c 95 4a 3e c8 7d 1b 10 ca 12 79 c1 4b fb d5 80 89 d3 e3 d8 c2 0e 90 a0 d5 0a 68 70 44 f1 2c 6a 03 d8 e3 d1 94 ... 18760 more bytes>[39m
[32minfo[39m: [32mmimetype: image/jpeg[39m
[32minfo[39m: [32mFile [file] Finished[39m
[32minfo[39m: [32mDone parsing form![39m
[32minfo[39m: [32mFile written[39m
[32minfo[39m: [32mFile written[39m
[32minfo[39m: [32mListening on: 3020[39m
[32minfo[39m: [32mListening on: 3020[39m
[32minfo[39m: [32mIn file upload[39m
[32minfo[39m: [32mFile [file]: filename: rick quote school.jpeg, encoding: 7bit, mimetype: image/jpeg[39m
[32minfo[39m: [32mFile [file] got 65536 bytes[39m
[32minfo[39m: [32m<Buffer ff d8 ff e0 00 10 4a 46 49 46 00 01 01 01 00 48 00 48 00 00 ff db 00 43 00 06 04 05 06 05 04 06 06 05 06 07 07 06 08 0a 10 0a 0a 09 09 0a 14 0e 0f 0c ... 65486 more bytes>[39m
[32minfo[39m: [32mmimetype: image/jpeg[39m
[32minfo[39m: [32mFile [file] got 18320 bytes[39m
[32minfo[39m: [32m<Buffer a6 db 7e db fb c0 f2 8c 84 ed 10 5d f1 9c 0b 24 91 13 41 c0 f2 64 38 8f 02 41 3d 72 37 6f 13 77 39 f3 ad 35 a2 3b 47 87 63 af 76 7a 05 98 8a de 27 40 ... 18270 more bytes>[39m
[32minfo[39m: [32mmimetype: image/jpeg[39m
[32minfo[39m: [32mFile [file] Finished[39m
[32minfo[39m: [32mDone parsing form![39m
[31merror[39m: [31mError writing file - Error: ENOENT: no such file or directory, open './files/image/jpeg}/rick quote school.jpeg'[39m
[31merror[39m: [31mError writing file - Error: ENOENT: no such file or directory, open './files/image/jpeg}/rick quote school.jpeg'[39m
[32minfo[39m: [32mListening on: 3020[39m
[32minfo[39m: [32mIn file upload[39m
[32minfo[39m: [32mFile [file]: filename: rick quote school.jpeg, encoding: 7bit, mimetype: image/jpeg[39m
[32minfo[39m: [32mFile [file] got 65046 bytes[39m
[32minfo[39m: [32m<Buffer ff d8 ff e0 00 10 4a 46 49 46 00 01 01 01 00 48 00 48 00 00 ff db 00 43 00 06 04 05 06 05 04 06 06 05 06 07 07 06 08 0a 10 0a 0a 09 09 0a 14 0e 0f 0c ... 64996 more bytes>[39m
[32minfo[39m: [32mmimetype: image/jpeg[39m
[32minfo[39m: [32mFile [file] got 18810 bytes[39m
[32minfo[39m: [32m<Buffer 7c e3 20 86 1c 07 53 40 f6 c4 18 69 8e 4c 95 4a 3e c8 7d 1b 10 ca 12 79 c1 4b fb d5 80 89 d3 e3 d8 c2 0e 90 a0 d5 0a 68 70 44 f1 2c 6a 03 d8 e3 d1 94 ... 18760 more bytes>[39m
[32minfo[39m: [32mmimetype: image/jpeg[39m
[32minfo[39m: [32mFile [file] Finished[39m
[32minfo[39m: [32mDone parsing form![39m
[31merror[39m: [31mError writing file - Error: ENOENT: no such file or directory, open './files/image/jpeg/rick quote school.jpeg'[39m
[31merror[39m: [31mError writing file - Error: ENOENT: no such file or directory, open './files/image/jpeg/rick quote school.jpeg'[39m
[32minfo[39m: [32mListening on: 3020[39m
[32minfo[39m: [32mIn file upload[39m
[32minfo[39m: [32mFile [file]: filename: rick quote school.jpeg, encoding: 7bit, mimetype: image/jpeg[39m
[32minfo[39m: [32mFile [file] got 65046 bytes[39m
[32minfo[39m: [32m<Buffer ff d8 ff e0 00 10 4a 46 49 46 00 01 01 01 00 48 00 48 00 00 ff db 00 43 00 06 04 05 06 05 04 06 06 05 06 07 07 06 08 0a 10 0a 0a 09 09 0a 14 0e 0f 0c ... 64996 more bytes>[39m
[32minfo[39m: [32mmimetype: image/jpeg[39m
[32minfo[39m: [32mFile [file] got 18810 bytes[39m
[32minfo[39m: [32m<Buffer 7c e3 20 86 1c 07 53 40 f6 c4 18 69 8e 4c 95 4a 3e c8 7d 1b 10 ca 12 79 c1 4b fb d5 80 89 d3 e3 d8 c2 0e 90 a0 d5 0a 68 70 44 f1 2c 6a 03 d8 e3 d1 94 ... 18760 more bytes>[39m
[32minfo[39m: [32mmimetype: image/jpeg[39m
[32minfo[39m: [32mFile [file] Finished[39m
[32minfo[39m: [32mDone parsing form![39m
[32minfo[39m: [32mFile written[39m
[32minfo[39m: [32mFile written[39m
[32minfo[39m: [32mListening on: 3020[39m
[32minfo[39m: [32mIn file upload[39m
[32minfo[39m: [32mFile [file]: filename: rick quote school.jpeg, encoding: 7bit, mimetype: image/jpeg[39m
[32minfo[39m: [32mFile [file] got 65046 bytes[39m
[32minfo[39m: [32m<Buffer ff d8 ff e0 00 10 4a 46 49 46 00 01 01 01 00 48 00 48 00 00 ff db 00 43 00 06 04 05 06 05 04 06 06 05 06 07 07 06 08 0a 10 0a 0a 09 09 0a 14 0e 0f 0c ... 64996 more bytes>[39m
[32minfo[39m: [32mmimetype: image/jpeg[39m
[32minfo[39m: [32mFile [file] got 18810 bytes[39m
[32minfo[39m: [32m<Buffer 7c e3 20 86 1c 07 53 40 f6 c4 18 69 8e 4c 95 4a 3e c8 7d 1b 10 ca 12 79 c1 4b fb d5 80 89 d3 e3 d8 c2 0e 90 a0 d5 0a 68 70 44 f1 2c 6a 03 d8 e3 d1 94 ... 18760 more bytes>[39m
[32minfo[39m: [32mmimetype: image/jpeg[39m
[32minfo[39m: [32mFile [file] Finished[39m
[32minfo[39m: [32mDone parsing form![39m
[32minfo[39m: [32mFile written[39m
[32minfo[39m: [32mFile written[39m
[32minfo[39m: [32mListening on: 3020[39m
[32minfo[39m: [32mIn file upload[39m
[32minfo[39m: [32mFile [file]: filename: DrugScreenAuthForm - Joshua Collins DS.pdf, encoding: 7bit, mimetype: application/pdf[39m
[32minfo[39m: [32mFile [file] got 61905 bytes[39m
[32minfo[39m: [32m<Buffer 25 50 44 46 2d 31 2e 33 0a 25 c4 e5 f2 e5 eb a7 f3 a0 d0 c4 c6 0a 33 20 30 20 6f 62 6a 0a 3c 3c 20 2f 46 69 6c 74 65 72 20 2f 46 6c 61 74 65 44 65 63 ... 61855 more bytes>[39m
[32minfo[39m: [32mmimetype: application/pdf[39m
[32minfo[39m: [32mFile [file] Finished[39m
[32minfo[39m: [32mDone parsing form![39m
[32minfo[39m: [32mFile written[39m
[32minfo[39m: [32mListening on: 3020[39m
[32minfo[39m: [32mIn file upload[39m
[32minfo[39m: [32mFile [file]: filename: DrugScreenAuthForm - Joshua Collins DS.pdf, encoding: 7bit, mimetype: application/pdf[39m
[32minfo[39m: [32mFile [file] got 46408 bytes[39m
[32minfo[39m: [32m<Buffer 25 50 44 46 2d 31 2e 33 0a 25 c4 e5 f2 e5 eb a7 f3 a0 d0 c4 c6 0a 33 20 30 20 6f 62 6a 0a 3c 3c 20 2f 46 69 6c 74 65 72 20 2f 46 6c 61 74 65 44 65 63 ... 46358 more bytes>[39m
[32minfo[39m: [32mmimetype: application/pdf[39m
[32minfo[39m: [32mFile [file] got 15497 bytes[39m
[32minfo[39m: [32m<Buffer 49 45 9a a2 95 62 88 62 9a 62 89 62 83 e2 35 c5 51 25 bc 92 81 92 b7 12 4f a9 40 e9 b0 d2 25 a5 21 1a 42 d3 a5 79 d2 b8 b4 4d b4 3a da 65 da 30 1d 47 ... 15447 more bytes>[39m
[32minfo[39m: [32mmimetype: application/pdf[39m
[32minfo[39m: [32mFile [file] Finished[39m
[32minfo[39m: [32mDone parsing form![39m
[32minfo[39m: [32mFile written[39m
[32minfo[39m: [32mFile written[39m
